DRAWING THE SCREEN
TOP is set
TOP is set
TOP is set
TOP is set
TOP is set
TOP is set
TOP is set
TOP is set
TOP is set
TOP is set
TOP is set
TOP is set
TOP is set
TOP is set
TOP is set
TOP is set
TRYING TO SPAWN
TRYING TO SPAWN
UNREADY!
UNREADY!
TRYING TO SPAWN
TRYING TO SPAWN
UNREADY!
UNREADY!
TRYING TO SPAWN
TRYING TO SPAWN
UNREADY!
UNREADY!
TRYING TO SPAWN
TRYING TO SPAWN
UNREADY!
UNREADY!
TRYING TO SPAWN
UNREADY!
TRYING TO SPAWN
UNREADY!
TRYING TO SPAWN
TRYING TO SPAWN
UNREADY!
UNREADY!
TRYING TO SPAWN
TRYING TO SPAWN
UNREADY!
UNREADY!
TRYING TO SPAWN
TRYING TO SPAWN
UNREADY!
UNREADY!
TRYING TO SPAWN
TRYING TO SPAWN
UNREADY!
UNREADY!
TRYING TO SPAWN
TRYING TO SPAWN
UNREADY!
UNREADY!
TRYING TO SPAWN
UNREADY!
TRYING TO SPAWN
UNREADY!
TRYING TO SPAWN
UNREADY!
TRYING TO SPAWN
UNREADY!
TRYING TO SPAWN
TRYING TO SPAWN
SHOULD HAVE SPAWNED
SHOULD HAVE SPAWNED
ON KEY STROKE
CURRENT INPUT: h
ON KEY STROKE
CURRENT INPUT: b
ON KEY STROKE
CURRENT INPUT: j
ON KEY STROKE
CURRENT INPUT: h
ON KEY STROKE
CURRENT INPUT: j
ON KEY STROKE
CURRENT INPUT: b
ON KEY STROKE
CURRENT INPUT: w
ON KEY STROKE
CURRENT INPUT: k
ON KEY STROKE
CURRENT INPUT: k
ON KEY STROKE
CURRENT INPUT: w
ON KEY STROKE
CURRENT INPUT: A
ON KEY STROKE
CURRENT INPUT: l
ON KEY STROKE
CURRENT INPUT: k
ON KEY STROKE
CURRENT INPUT: k
ON KEY STROKE
CURRENT INPUT: j
ON KEY STROKE
CURRENT INPUT: w
ON KEY STROKE
CURRENT INPUT: w
ON KEY STROKE
CURRENT INPUT: b
ON KEY STROKE
CURRENT INPUT: j
ON KEY STROKE
CURRENT INPUT: w
ON KEY STROKE
CURRENT INPUT: j
ON KEY STROKE
CURRENT INPUT: b
ON KEY STROKE
CURRENT INPUT: w
ON KEY STROKE
CURRENT INPUT: b
ON KEY STROKE
CURRENT INPUT: j
ON KEY STROKE
CURRENT INPUT: w
ON KEY STROKE
CURRENT INPUT: j
ON KEY STROKE
CURRENT INPUT: j
ON KEY STROKE
CURRENT INPUT: k
ON KEY STROKE
CURRENT INPUT: w
ON KEY STROKE
CURRENT INPUT: j
ON KEY STROKE
CURRENT INPUT: b
ON KEY STROKE
CURRENT INPUT: b
ON KEY STROKE
CURRENT INPUT: b
ON KEY STROKE
CURRENT INPUT: k
ON KEY STROKE
CURRENT INPUT: w
ON KEY STROKE
CURRENT INPUT: j
ON KEY STROKE
CURRENT INPUT: w
ON KEY STROKE
CURRENT INPUT: j
ON KEY STROKE
CURRENT INPUT: h
ON KEY STROKE
CURRENT INPUT: h
ON KEY STROKE
CURRENT INPUT: h
ON KEY STROKE
CURRENT INPUT: j
ON KEY STROKE
CURRENT INPUT: j
ON KEY STROKE
CURRENT INPUT: j
ON KEY STROKE
CURRENT INPUT: w
ON KEY STROKE
CURRENT INPUT: w
ON KEY STROKE
CURRENT INPUT: h
ON KEY STROKE
CURRENT INPUT: h
ON KEY STROKE
CURRENT INPUT: h
ON KEY STROKE
CURRENT INPUT: j
ON KEY STROKE
CURRENT INPUT: h
ON KEY STROKE
CURRENT INPUT: h
ON KEY STROKE
CURRENT INPUT: h
ON KEY STROKE
CURRENT INPUT: j
ON KEY STROKE
CURRENT INPUT: h
ON KEY STROKE
CURRENT INPUT: l
ON KEY STROKE
CURRENT INPUT: l
ON KEY STROKE
CURRENT INPUT: l
ON KEY STROKE
CURRENT INPUT: l
ON KEY STROKE
CURRENT INPUT: k
ON KEY STROKE
CURRENT INPUT: l
ON KEY STROKE
CURRENT INPUT: k
ON KEY STROKE
CURRENT INPUT: l
ON KEY STROKE
CURRENT INPUT: l
ON KEY STROKE
CURRENT INPUT: k
ON KEY STROKE
CURRENT INPUT: k
ON KEY STROKE
CURRENT INPUT: h
ON KEY STROKE
CURRENT INPUT: k
ON KEY STROKE
CURRENT INPUT: h
ON KEY STROKE
CURRENT INPUT: k
ON KEY STROKE
CURRENT INPUT: l
ON KEY STROKE
CURRENT INPUT: k
ON KEY STROKE
CURRENT INPUT: k
ON KEY STROKE
CURRENT INPUT: h
ON KEY STROKE
CURRENT INPUT: j
ON KEY STROKE
CURRENT INPUT: h
ON KEY STROKE
CURRENT INPUT: k
ON KEY STROKE
CURRENT INPUT: k
ON KEY STROKE
CURRENT INPUT: l
ON KEY STROKE
CURRENT INPUT: k
ON KEY STROKE
CURRENT INPUT: k
ON KEY STROKE
CURRENT INPUT: k
ON KEY STROKE
CURRENT INPUT: h
ON KEY STROKE
CURRENT INPUT: j
ON KEY STROKE
CURRENT INPUT: l
ON KEY STROKE
CURRENT INPUT: b
ON KEY STROKE
CURRENT INPUT: b
ON KEY STROKE
CURRENT INPUT: b
ON KEY STROKE
CURRENT INPUT: b
ON KEY STROKE
CURRENT INPUT: j
YOU LOSE
GAME ENDED!
DRAWING THE SCREEN
TOP is set
TOP is set
TOP is set
TOP is set
TOP is set
TOP is set
TOP is set
TOP is set
TOP is set
TOP is set
TOP is set
TOP is set
TOP is set
TOP is set
TOP is set
TOP is set
TRYING TO SPAWN
TRYING TO SPAWN
UNREADY!
UNREADY!
TRYING TO SPAWN
TRYING TO SPAWN
UNREADY!
UNREADY!
TRYING TO SPAWN
TRYING TO SPAWN
UNREADY!
UNREADY!
TRYING TO SPAWN
TRYING TO SPAWN
UNREADY!
UNREADY!
TRYING TO SPAWN
TRYING TO SPAWN
UNREADY!
UNREADY!
TRYING TO SPAWN
TRYING TO SPAWN
UNREADY!
UNREADY!
TRYING TO SPAWN
TRYING TO SPAWN
UNREADY!
UNREADY!
TRYING TO SPAWN
UNREADY!
TRYING TO SPAWN
UNREADY!
TRYING TO SPAWN
UNREADY!
TRYING TO SPAWN
UNREADY!
TRYING TO SPAWN
UNREADY!
TRYING TO SPAWN
UNREADY!
TRYING TO SPAWN
UNREADY!
TRYING TO SPAWN
UNREADY!
TRYING TO SPAWN
TRYING TO SPAWN
SHOULD HAVE SPAWNED
SHOULD HAVE SPAWNED
ON KEY STROKE
CURRENT INPUT: 
ON KEY STROKE
CURRENT INPUT: [
ON KEY STROKE
CURRENT INPUT: C
ON KEY STROKE
CURRENT INPUT: 
ON KEY STROKE
CURRENT INPUT: [
ON KEY STROKE
CURRENT INPUT: B
ON KEY STROKE
CURRENT INPUT: 
ON KEY STROKE
CURRENT INPUT: [
ON KEY STROKE
CURRENT INPUT: C
ON KEY STROKE
CURRENT INPUT: 
ON KEY STROKE
CURRENT INPUT: [
ON KEY STROKE
CURRENT INPUT: C
ON KEY STROKE
CURRENT INPUT: 
YOU LOSE
GAME ENDED!
DRAWING THE SCREEN
TOP is set
TOP is set
TOP is set
TOP is set
TOP is set
TOP is set
TOP is set
TOP is set
TOP is set
TOP is set
TOP is set
TOP is set
TOP is set
TOP is set
TOP is set
TOP is set
TRYING TO SPAWN
TRYING TO SPAWN
UNREADY!
UNREADY!
TRYING TO SPAWN
TRYING TO SPAWN
UNREADY!
UNREADY!
TRYING TO SPAWN
TRYING TO SPAWN
UNREADY!
UNREADY!
TRYING TO SPAWN
TRYING TO SPAWN
UNREADY!
UNREADY!
TRYING TO SPAWN
TRYING TO SPAWN
UNREADY!
UNREADY!
TRYING TO SPAWN
TRYING TO SPAWN
UNREADY!
UNREADY!
TRYING TO SPAWN
UNREADY!
TRYING TO SPAWN
UNREADY!
TRYING TO SPAWN
TRYING TO SPAWN
UNREADY!
UNREADY!
TRYING TO SPAWN
UNREADY!
TRYING TO SPAWN
UNREADY!
TRYING TO SPAWN
UNREADY!
TRYING TO SPAWN
UNREADY!
TRYING TO SPAWN
TRYING TO SPAWN
SHOULD HAVE SPAWNED
SHOULD HAVE SPAWNED
ON KEY STROKE
CURRENT INPUT: j
ON KEY STROKE
CURRENT INPUT: j
ON KEY STROKE
CURRENT INPUT: h
ON KEY STROKE
CURRENT INPUT: k
ON KEY STROKE
CURRENT INPUT: j
ON KEY STROKE
CURRENT INPUT: n
ON KEY STROKE
CURRENT INPUT: j
ON KEY STROKE
CURRENT INPUT: h
ON KEY STROKE
CURRENT INPUT: k
ON KEY STROKE
CURRENT INPUT: k
ON KEY STROKE
CURRENT INPUT: j
ON KEY STROKE
CURRENT INPUT: j
ON KEY STROKE
CURRENT INPUT: n
ON KEY STROKE
CURRENT INPUT: k
ON KEY STROKE
CURRENT INPUT: h
ON KEY STROKE
CURRENT INPUT: k
ON KEY STROKE
CURRENT INPUT: h
ON KEY STROKE
CURRENT INPUT: j
ON KEY STROKE
CURRENT INPUT: u
ON KEY STROKE
CURRENT INPUT: k
ON KEY STROKE
CURRENT INPUT: j
ON KEY STROKE
CURRENT INPUT: h
ON KEY STROKE
CURRENT INPUT: h
ON KEY STROKE
CURRENT INPUT: k
ON KEY STROKE
CURRENT INPUT: k
ON KEY STROKE
CURRENT INPUT: h
YOU LOSE
GAME ENDED!
DRAWING THE SCREEN
TOP is set
TOP is set
TOP is set
TOP is set
TOP is set
TOP is set
TOP is set
TOP is set
TOP is set
TOP is set
TOP is set
TOP is set
TOP is set
TOP is set
TOP is set
TOP is set
TRYING TO SPAWN
TRYING TO SPAWN
UNREADY!
UNREADY!
TRYING TO SPAWN
TRYING TO SPAWN
UNREADY!
UNREADY!
TRYING TO SPAWN
TRYING TO SPAWN
SHOULD HAVE SPAWNED
SHOULD HAVE SPAWNED
ON KEY STROKE
CURRENT INPUT: h
ON KEY STROKE
CURRENT INPUT: g
ON KEY STROKE
CURRENT INPUT: gg
ON KEY STROKE
CURRENT INPUT: h
ON KEY STROKE
CURRENT INPUT: k
ON KEY STROKE
CURRENT INPUT: h
ON KEY STROKE
CURRENT INPUT: j
ON KEY STROKE
CURRENT INPUT: n
YOU LOSE
GAME ENDED!
